<?xml version="1.0" encoding="UTF-8"?>
<testsuite name="VidioTest" tests="1" skipped="0" failures="0" errors="0" timestamp="2023-01-20T03:23:30" hostname="LAPTOP-II8N0K8F" time="0.015">
  <properties/>
  <testcase name="name()" classname="VidioTest" time="0.015"/>
  <system-out><![CDATA[[5, 41, 77, 74, 22, 44]
]]></system-out>
  <system-err><![CDATA[]]></system-err>
</testsuite>
